[debug] [2020-05-13T02:44:59.241Z] ----------------------------------------------------------------------
[debug] [2020-05-13T02:44:59.243Z] Command:       /usr/local/bin/firebase /home/greg/.cache/firebase/tools/lib/node_modules/firebase-tools/lib/bin/firebase ext:install storage-resize-images --project=studio42dev
[debug] [2020-05-13T02:44:59.243Z] CLI Version:   7.15.0
[debug] [2020-05-13T02:44:59.243Z] Platform:      linux
[debug] [2020-05-13T02:44:59.243Z] Node Version:  v12.13.1
[debug] [2020-05-13T02:44:59.319Z] Time:          Tue May 12 2020 20:44:59 GMT-0600 (Mountain Daylight Time)
[debug] [2020-05-13T02:44:59.319Z] ----------------------------------------------------------------------
[debug] [2020-05-13T02:44:59.319Z] 
[debug] [2020-05-13T02:44:59.379Z] > command requires scopes: ["email","openid","https://www.googleapis.com/auth/cloudplatformprojects.readonly","https://www.googleapis.com/auth/firebase","https://www.googleapis.com/auth/cloud-platform"]
[debug] [2020-05-13T02:44:59.380Z] > authorizing via signed-in user
[debug] [2020-05-13T02:44:59.381Z] [iam] checking project studio42dev for permissions ["firebase.projects.get","firebasemods.instances.create"]
[debug] [2020-05-13T02:44:59.382Z] > refreshing access token with scopes: ["email","https://www.googleapis.com/auth/cloud-platform","https://www.googleapis.com/auth/cloudplatformprojects.readonly","https://www.googleapis.com/auth/firebase","openid"]
[debug] [2020-05-13T02:44:59.383Z] >>> HTTP REQUEST POST https://www.googleapis.com/oauth2/v3/token  
 <request body omitted>
[debug] [2020-05-13T02:44:59.633Z] <<< HTTP RESPONSE 200
[debug] [2020-05-13T02:44:59.722Z] >>> HTTP REQUEST POST https://cloudresourcemanager.googleapis.com/v1/projects/studio42dev:testIamPermissions  

[debug] [2020-05-13T02:45:00.367Z] <<< HTTP RESPONSE 200
[info] i  extensions: ensuring necessary APIs are enabled...
[debug] [2020-05-13T02:45:00.372Z] >>> HTTP REQUEST GET https://serviceusage.googleapis.com/v1/projects/studio42dev/services/firebaseextensions.googleapis.com  
 
[debug] [2020-05-13T02:45:00.759Z] <<< HTTP RESPONSE 200
[info] ✔  extensions: all necessary APIs are enabled
[debug] [2020-05-13T02:45:00.763Z] >>> HTTP REQUEST GET https://extensions-registry.firebaseapp.com/extensions.json  
 
[debug] [2020-05-13T02:45:01.382Z] <<< HTTP RESPONSE 200
[debug] [2020-05-13T02:45:01.384Z] >>> HTTP REQUEST GET https://firebaseextensions.googleapis.com/v1beta/projects/firebasemods/sources/e4ca99a1-049a-453f-bc1d-5e2d7949de9a  
 
[debug] [2020-05-13T02:45:01.766Z] <<< HTTP RESPONSE 200
[debug] [2020-05-13T02:45:01.771Z] >>> HTTP REQUEST GET https://iam.googleapis.com/v1/roles/storage.admin  
 
[debug] [2020-05-13T02:45:02.196Z] <<< HTTP RESPONSE 200
[info] i  extensions: Resize Images will be granted the following access to project studio42dev
- Storage Admin (Full control of GCS resources.)
[debug] [2020-05-13T02:45:09.137Z] >>> HTTP REQUEST GET https://firebase.googleapis.com/v1beta1/projects/studio42dev/adminSdkConfig  
 
[debug] [2020-05-13T02:45:09.415Z] <<< HTTP RESPONSE 200
[info] i  extensions: answer the questions below to configure your extension:
[info] 
Cloud Functions location: Where do you want to deploy the functions created for this extension?  You usually want a location close to your Storage bucket. For help selecting a  location, refer to the location selection  guide (https://firebase.google.com/docs/functions/locations).
[info] 
Cloud Storage bucket for images: To which Cloud Storage bucket will you upload images that you want to resize? Resized images will be stored in this bucket. Depending on your extension configuration, original images are either kept or deleted.
[info] 
Sizes of resized images: What sizes of images would you like (in pixels)? Enter the sizes as a comma-separated list of WIDTHxHEIGHT values. Learn more about how this parameter works (https://firebase.google.com/products/extensions/storage-resize-images).
